<?xml version="1.0" encoding="UTF-8"?>
<!-- Generated by org.testng.reporters.JUnitReportReporter -->
<testsuite skipped="0" hostname="AKorshetti" name="com.ebanking.TestCases.Tc_logintest_001" tests="1" failures="0" timestamp="2021-10-25T14:24:04 IST" time="8.401" errors="0">
  <testcase name="login" time="8.401" classname="com.ebanking.TestCases.Tc_logintest_001"/>
  <system-out/>
</testsuite> <!-- com.ebanking.TestCases.Tc_logintest_001 -->
