<?xml version="1.0" encoding="UTF-8"?>
<!-- Generated by org.testng.reporters.JUnitReportReporter -->
<testsuite skipped="0" hostname="AKorshetti" name="com.ebanking.TestCases.Testcase_003" tests="1" failures="0" timestamp="2021-10-27T17:21:19 IST" time="12.530" errors="0">
  <testcase name="signup" time="12.530" classname="com.ebanking.TestCases.Testcase_003"/>
  <system-out/>
</testsuite> <!-- com.ebanking.TestCases.Testcase_003 -->
