<?xml version="1.0" encoding="UTF-8"?>
<!-- Generated by org.testng.reporters.JUnitReportReporter -->
<testsuite skipped="0" hostname="AKorshetti" name="com.ebanking.TestCases.Tc_logintest_001" tests="1" failures="0" timestamp="2021-10-25T06:03:02 IST" time="11.606" errors="0">
  <testcase name="login" time="11.606" classname="com.ebanking.TestCases.Tc_logintest_001"/>
  <system-out/>
</testsuite> <!-- com.ebanking.TestCases.Tc_logintest_001 -->
