<?xml version="1.0" encoding="UTF-8"?>
<!-- Generated by org.testng.reporters.JUnitReportReporter -->
<testsuite skipped="0" hostname="AKorshetti" name="com.ebanking.TestCases.Tc_registor_002" tests="1" failures="0" timestamp="2021-10-25T14:24:04 IST" time="12.819" errors="0">
  <testcase name="regitor" time="12.819" classname="com.ebanking.TestCases.Tc_registor_002"/>
  <system-out/>
</testsuite> <!-- com.ebanking.TestCases.Tc_registor_002 -->
